<?xml version="1.0" encoding="UTF-8"?>
<!-- Generated by org.testng.reporters.JUnitReportReporter -->
<testsuite hostname="widows50" name="selenuim_lesson.NewTest" tests="2" failures="0" timestamp="29 Dec 2018 01:10:04 GMT" time="0.008" errors="0">
  <testcase name="f" time="0.005" classname="selenuim_lesson.NewTest"/>
  <testcase name="f1" time="0.003" classname="selenuim_lesson.NewTest"/>
</testsuite> <!-- selenuim_lesson.NewTest -->
