<?xml version="1.0" encoding="UTF-8"?>
<!-- Generated by org.testng.reporters.JUnitReportReporter -->
<testsuite hostname="widows50" name="selenuim_lesson.周测Test" tests="2" failures="0" timestamp="8 Jan 2019 08:58:51 GMT" time="69.476" errors="0">
  <testcase name="f" time="34.088" classname="selenuim_lesson.周测Test"/>
  <testcase name="f" time="35.388" classname="selenuim_lesson.周测Test"/>
</testsuite> <!-- selenuim_lesson.周测Test -->
